[2019-07-29 12:18:15] (ERROR in xPDO::getService @ D:\OSPanel\domains\modx.lesson\core\xpdo\xpdo.class.php : 1234) modRestClient::__construct is deprecated since version 2.3.0. Use the modRest classes instead.
[2019-07-29 12:18:15] (ERROR in modRestCurlClient::__construct @ D:\OSPanel\domains\modx.lesson\core\model\modx\rest\modrestcurlclient.class.php : 26) modRestClient::__construct is deprecated since version 2.3.0. Use the modRest classes instead.
[2019-07-29 12:18:15] (ERROR in modRestCurlClient::__construct @ D:\OSPanel\domains\modx.lesson\core\model\modx\rest\modrestcurlclient.class.php : 26) modRestClient::__construct is deprecated since version 2.3.0. Use the modRest classes instead.
[2019-07-29 12:19:09] (ERROR in xPDO::getService @ D:\OSPanel\domains\modx.lesson\core\xpdo\xpdo.class.php : 1234) modRestClient::__construct is deprecated since version 2.3.0. Use the modRest classes instead.
[2019-07-29 12:19:09] (ERROR in xPDO::getService @ D:\OSPanel\domains\modx.lesson\core\xpdo\xpdo.class.php : 1234) modRestClient::__construct is deprecated since version 2.3.0. Use the modRest classes instead.
[2019-07-29 12:19:09] (ERROR in modRestCurlClient::__construct @ D:\OSPanel\domains\modx.lesson\core\model\modx\rest\modrestcurlclient.class.php : 26) modRestClient::__construct is deprecated since version 2.3.0. Use the modRest classes instead.
[2019-07-29 12:19:09] (ERROR in modRestCurlClient::__construct @ D:\OSPanel\domains\modx.lesson\core\model\modx\rest\modrestcurlclient.class.php : 26) modRestClient::__construct is deprecated since version 2.3.0. Use the modRest classes instead.
[2019-07-29 12:19:17] (ERROR in xPDO::getService @ D:\OSPanel\domains\modx.lesson\core\xpdo\xpdo.class.php : 1234) modRestClient::__construct is deprecated since version 2.3.0. Use the modRest classes instead.
[2019-07-29 12:19:17] (ERROR in modRestCurlClient::__construct @ D:\OSPanel\domains\modx.lesson\core\model\modx\rest\modrestcurlclient.class.php : 26) modRestClient::__construct is deprecated since version 2.3.0. Use the modRest classes instead.
[2019-07-29 12:19:30] (ERROR in xPDO::getService @ D:\OSPanel\domains\modx.lesson\core\xpdo\xpdo.class.php : 1234) modRestClient::__construct is deprecated since version 2.3.0. Use the modRest classes instead.
[2019-07-29 12:19:30] (ERROR in modRestCurlClient::__construct @ D:\OSPanel\domains\modx.lesson\core\model\modx\rest\modrestcurlclient.class.php : 26) modRestClient::__construct is deprecated since version 2.3.0. Use the modRest classes instead.
[2019-07-29 12:19:46] (ERROR in xPDO::getService @ D:\OSPanel\domains\modx.lesson\core\xpdo\xpdo.class.php : 1234) modRestClient::__construct is deprecated since version 2.3.0. Use the modRest classes instead.
[2019-07-29 12:19:46] (ERROR in modRestCurlClient::__construct @ D:\OSPanel\domains\modx.lesson\core\model\modx\rest\modrestcurlclient.class.php : 26) modRestClient::__construct is deprecated since version 2.3.0. Use the modRest classes instead.
[2019-07-29 12:19:46] (ERROR in xPDO::getService @ D:\OSPanel\domains\modx.lesson\core\xpdo\xpdo.class.php : 1234) modRestClient::__construct is deprecated since version 2.3.0. Use the modRest classes instead.
[2019-07-29 12:19:46] (ERROR in modRestCurlClient::__construct @ D:\OSPanel\domains\modx.lesson\core\model\modx\rest\modrestcurlclient.class.php : 26) modRestClient::__construct is deprecated since version 2.3.0. Use the modRest classes instead.
[2019-07-29 12:20:10] (ERROR in xPDO::getService @ D:\OSPanel\domains\modx.lesson\core\xpdo\xpdo.class.php : 1234) modRestClient::__construct is deprecated since version 2.3.0. Use the modRest classes instead.
[2019-07-29 12:20:10] (ERROR in modRestCurlClient::__construct @ D:\OSPanel\domains\modx.lesson\core\model\modx\rest\modrestcurlclient.class.php : 26) modRestClient::__construct is deprecated since version 2.3.0. Use the modRest classes instead.
[2019-07-29 12:20:13] (ERROR in xPDO::getService @ D:\OSPanel\domains\modx.lesson\core\xpdo\xpdo.class.php : 1234) modRestClient::__construct is deprecated since version 2.3.0. Use the modRest classes instead.
[2019-07-29 12:20:13] (ERROR in modRestCurlClient::__construct @ D:\OSPanel\domains\modx.lesson\core\model\modx\rest\modrestcurlclient.class.php : 26) modRestClient::__construct is deprecated since version 2.3.0. Use the modRest classes instead.
[2019-07-29 12:20:28] (ERROR in xPDO::getService @ D:\OSPanel\domains\modx.lesson\core\xpdo\xpdo.class.php : 1234) modRestClient::__construct is deprecated since version 2.3.0. Use the modRest classes instead.
[2019-07-29 12:20:28] (ERROR in modRestCurlClient::__construct @ D:\OSPanel\domains\modx.lesson\core\model\modx\rest\modrestcurlclient.class.php : 26) modRestClient::__construct is deprecated since version 2.3.0. Use the modRest classes instead.
[2019-07-29 12:20:28] (ERROR in xPDO::getService @ D:\OSPanel\domains\modx.lesson\core\xpdo\xpdo.class.php : 1234) modRestClient::__construct is deprecated since version 2.3.0. Use the modRest classes instead.
[2019-07-29 12:20:28] (ERROR in modRestCurlClient::__construct @ D:\OSPanel\domains\modx.lesson\core\model\modx\rest\modrestcurlclient.class.php : 26) modRestClient::__construct is deprecated since version 2.3.0. Use the modRest classes instead.
[2019-07-29 12:22:02] (ERROR in xPDO::getService @ D:\OSPanel\domains\modx.lesson\core\xpdo\xpdo.class.php : 1234) modRestClient::__construct is deprecated since version 2.3.0. Use the modRest classes instead.
[2019-07-29 12:22:02] (ERROR in modRestCurlClient::__construct @ D:\OSPanel\domains\modx.lesson\core\model\modx\rest\modrestcurlclient.class.php : 26) modRestClient::__construct is deprecated since version 2.3.0. Use the modRest classes instead.
[2019-07-29 12:22:05] (ERROR in xPDO::getService @ D:\OSPanel\domains\modx.lesson\core\xpdo\xpdo.class.php : 1234) modRestClient::__construct is deprecated since version 2.3.0. Use the modRest classes instead.
[2019-07-29 12:22:05] (ERROR in modRestCurlClient::__construct @ D:\OSPanel\domains\modx.lesson\core\model\modx\rest\modrestcurlclient.class.php : 26) modRestClient::__construct is deprecated since version 2.3.0. Use the modRest classes instead.
[2019-07-29 12:22:21] (ERROR in xPDO::getService @ D:\OSPanel\domains\modx.lesson\core\xpdo\xpdo.class.php : 1234) modRestClient::__construct is deprecated since version 2.3.0. Use the modRest classes instead.
[2019-07-29 12:22:21] (ERROR in modRestCurlClient::__construct @ D:\OSPanel\domains\modx.lesson\core\model\modx\rest\modrestcurlclient.class.php : 26) modRestClient::__construct is deprecated since version 2.3.0. Use the modRest classes instead.
[2019-07-29 12:22:21] (ERROR in xPDO::getService @ D:\OSPanel\domains\modx.lesson\core\xpdo\xpdo.class.php : 1234) modRestClient::__construct is deprecated since version 2.3.0. Use the modRest classes instead.
[2019-07-29 12:22:21] (ERROR in modRestCurlClient::__construct @ D:\OSPanel\domains\modx.lesson\core\model\modx\rest\modrestcurlclient.class.php : 26) modRestClient::__construct is deprecated since version 2.3.0. Use the modRest classes instead.
[2019-07-29 12:23:13] (ERROR in xPDO::getService @ D:\OSPanel\domains\modx.lesson\core\xpdo\xpdo.class.php : 1234) modRestClient::__construct is deprecated since version 2.3.0. Use the modRest classes instead.
[2019-07-29 12:23:13] (ERROR in modRestCurlClient::__construct @ D:\OSPanel\domains\modx.lesson\core\model\modx\rest\modrestcurlclient.class.php : 26) modRestClient::__construct is deprecated since version 2.3.0. Use the modRest classes instead.
[2019-07-29 12:23:15] (ERROR in xPDO::getService @ D:\OSPanel\domains\modx.lesson\core\xpdo\xpdo.class.php : 1234) modRestClient::__construct is deprecated since version 2.3.0. Use the modRest classes instead.
[2019-07-29 12:23:15] (ERROR in modRestCurlClient::__construct @ D:\OSPanel\domains\modx.lesson\core\model\modx\rest\modrestcurlclient.class.php : 26) modRestClient::__construct is deprecated since version 2.3.0. Use the modRest classes instead.
[2019-07-29 12:23:36] (ERROR in xPDO::getService @ D:\OSPanel\domains\modx.lesson\core\xpdo\xpdo.class.php : 1234) modRestClient::__construct is deprecated since version 2.3.0. Use the modRest classes instead.
[2019-07-29 12:23:36] (ERROR in modRestCurlClient::__construct @ D:\OSPanel\domains\modx.lesson\core\model\modx\rest\modrestcurlclient.class.php : 26) modRestClient::__construct is deprecated since version 2.3.0. Use the modRest classes instead.
[2019-07-29 12:23:36] (ERROR in xPDO::getService @ D:\OSPanel\domains\modx.lesson\core\xpdo\xpdo.class.php : 1234) modRestClient::__construct is deprecated since version 2.3.0. Use the modRest classes instead.
[2019-07-29 12:23:36] (ERROR in modRestCurlClient::__construct @ D:\OSPanel\domains\modx.lesson\core\model\modx\rest\modrestcurlclient.class.php : 26) modRestClient::__construct is deprecated since version 2.3.0. Use the modRest classes instead.
[2019-07-29 12:31:49] (ERROR in xPDO::getService @ D:\OSPanel\domains\modx.lesson\core\xpdo\xpdo.class.php : 1234) modRestClient::__construct is deprecated since version 2.3.0. Use the modRest classes instead.
[2019-07-29 12:31:49] (ERROR in modRestCurlClient::__construct @ D:\OSPanel\domains\modx.lesson\core\model\modx\rest\modrestcurlclient.class.php : 26) modRestClient::__construct is deprecated since version 2.3.0. Use the modRest classes instead.
[2019-07-29 12:31:54] (ERROR in xPDO::getService @ D:\OSPanel\domains\modx.lesson\core\xpdo\xpdo.class.php : 1234) modRestClient::__construct is deprecated since version 2.3.0. Use the modRest classes instead.
[2019-07-29 12:31:54] (ERROR in modRestCurlClient::__construct @ D:\OSPanel\domains\modx.lesson\core\model\modx\rest\modrestcurlclient.class.php : 26) modRestClient::__construct is deprecated since version 2.3.0. Use the modRest classes instead.
[2019-07-29 12:31:59] (ERROR in xPDO::getService @ D:\OSPanel\domains\modx.lesson\core\xpdo\xpdo.class.php : 1234) modRestClient::__construct is deprecated since version 2.3.0. Use the modRest classes instead.
[2019-07-29 12:31:59] (ERROR in modRestCurlClient::__construct @ D:\OSPanel\domains\modx.lesson\core\model\modx\rest\modrestcurlclient.class.php : 26) modRestClient::__construct is deprecated since version 2.3.0. Use the modRest classes instead.
[2019-07-29 12:32:03] (ERROR in xPDO::getService @ D:\OSPanel\domains\modx.lesson\core\xpdo\xpdo.class.php : 1234) modRestClient::__construct is deprecated since version 2.3.0. Use the modRest classes instead.
[2019-07-29 12:32:03] (ERROR in modRestCurlClient::__construct @ D:\OSPanel\domains\modx.lesson\core\model\modx\rest\modrestcurlclient.class.php : 26) modRestClient::__construct is deprecated since version 2.3.0. Use the modRest classes instead.
[2019-07-29 12:32:07] (ERROR in xPDO::getService @ D:\OSPanel\domains\modx.lesson\core\xpdo\xpdo.class.php : 1234) modRestClient::__construct is deprecated since version 2.3.0. Use the modRest classes instead.
[2019-07-29 12:32:07] (ERROR in modRestCurlClient::__construct @ D:\OSPanel\domains\modx.lesson\core\model\modx\rest\modrestcurlclient.class.php : 26) modRestClient::__construct is deprecated since version 2.3.0. Use the modRest classes instead.
[2019-07-29 12:32:07] (ERROR in xPDO::getService @ D:\OSPanel\domains\modx.lesson\core\xpdo\xpdo.class.php : 1234) modRestClient::__construct is deprecated since version 2.3.0. Use the modRest classes instead.
[2019-07-29 12:32:07] (ERROR in modRestCurlClient::__construct @ D:\OSPanel\domains\modx.lesson\core\model\modx\rest\modrestcurlclient.class.php : 26) modRestClient::__construct is deprecated since version 2.3.0. Use the modRest classes instead.
[2019-07-29 12:32:29] (ERROR in xPDO::getService @ D:\OSPanel\domains\modx.lesson\core\xpdo\xpdo.class.php : 1234) modRestClient::__construct is deprecated since version 2.3.0. Use the modRest classes instead.
[2019-07-29 12:32:29] (ERROR in modRestCurlClient::__construct @ D:\OSPanel\domains\modx.lesson\core\model\modx\rest\modrestcurlclient.class.php : 26) modRestClient::__construct is deprecated since version 2.3.0. Use the modRest classes instead.
[2019-07-29 12:32:36] (ERROR in xPDO::getService @ D:\OSPanel\domains\modx.lesson\core\xpdo\xpdo.class.php : 1234) modRestClient::__construct is deprecated since version 2.3.0. Use the modRest classes instead.
[2019-07-29 12:32:36] (ERROR in modRestCurlClient::__construct @ D:\OSPanel\domains\modx.lesson\core\model\modx\rest\modrestcurlclient.class.php : 26) modRestClient::__construct is deprecated since version 2.3.0. Use the modRest classes instead.
[2019-07-29 12:32:40] (ERROR in xPDO::getService @ D:\OSPanel\domains\modx.lesson\core\xpdo\xpdo.class.php : 1234) modRestClient::__construct is deprecated since version 2.3.0. Use the modRest classes instead.
[2019-07-29 12:32:40] (ERROR in modRestCurlClient::__construct @ D:\OSPanel\domains\modx.lesson\core\model\modx\rest\modrestcurlclient.class.php : 26) modRestClient::__construct is deprecated since version 2.3.0. Use the modRest classes instead.
[2019-07-29 12:32:55] (ERROR in xPDO::getService @ D:\OSPanel\domains\modx.lesson\core\xpdo\xpdo.class.php : 1234) modRestClient::__construct is deprecated since version 2.3.0. Use the modRest classes instead.
[2019-07-29 12:32:55] (ERROR in modRestCurlClient::__construct @ D:\OSPanel\domains\modx.lesson\core\model\modx\rest\modrestcurlclient.class.php : 26) modRestClient::__construct is deprecated since version 2.3.0. Use the modRest classes instead.
[2019-07-29 12:32:55] (ERROR in xPDO::getService @ D:\OSPanel\domains\modx.lesson\core\xpdo\xpdo.class.php : 1234) modRestClient::__construct is deprecated since version 2.3.0. Use the modRest classes instead.
[2019-07-29 12:32:55] (ERROR in modRestCurlClient::__construct @ D:\OSPanel\domains\modx.lesson\core\model\modx\rest\modrestcurlclient.class.php : 26) modRestClient::__construct is deprecated since version 2.3.0. Use the modRest classes instead.
[2019-07-29 12:33:10] (ERROR in xPDO::getService @ D:\OSPanel\domains\modx.lesson\core\xpdo\xpdo.class.php : 1234) modRestClient::__construct is deprecated since version 2.3.0. Use the modRest classes instead.
[2019-07-29 12:33:10] (ERROR in modRestCurlClient::__construct @ D:\OSPanel\domains\modx.lesson\core\model\modx\rest\modrestcurlclient.class.php : 26) modRestClient::__construct is deprecated since version 2.3.0. Use the modRest classes instead.
[2019-07-29 12:33:12] (ERROR in xPDO::getService @ D:\OSPanel\domains\modx.lesson\core\xpdo\xpdo.class.php : 1234) modRestClient::__construct is deprecated since version 2.3.0. Use the modRest classes instead.
[2019-07-29 12:33:12] (ERROR in modRestCurlClient::__construct @ D:\OSPanel\domains\modx.lesson\core\model\modx\rest\modrestcurlclient.class.php : 26) modRestClient::__construct is deprecated since version 2.3.0. Use the modRest classes instead.
[2019-07-29 12:33:16] (ERROR in xPDO::getService @ D:\OSPanel\domains\modx.lesson\core\xpdo\xpdo.class.php : 1234) modRestClient::__construct is deprecated since version 2.3.0. Use the modRest classes instead.
[2019-07-29 12:33:16] (ERROR in modRestCurlClient::__construct @ D:\OSPanel\domains\modx.lesson\core\model\modx\rest\modrestcurlclient.class.php : 26) modRestClient::__construct is deprecated since version 2.3.0. Use the modRest classes instead.
[2019-07-29 12:33:16] (ERROR in xPDO::getService @ D:\OSPanel\domains\modx.lesson\core\xpdo\xpdo.class.php : 1234) modRestClient::__construct is deprecated since version 2.3.0. Use the modRest classes instead.
[2019-07-29 12:33:16] (ERROR in modRestCurlClient::__construct @ D:\OSPanel\domains\modx.lesson\core\model\modx\rest\modrestcurlclient.class.php : 26) modRestClient::__construct is deprecated since version 2.3.0. Use the modRest classes instead.
[2019-07-29 12:34:09] (ERROR in xPDO::getService @ D:\OSPanel\domains\modx.lesson\core\xpdo\xpdo.class.php : 1234) modRestClient::__construct is deprecated since version 2.3.0. Use the modRest classes instead.
[2019-07-29 12:34:09] (ERROR in modRestCurlClient::__construct @ D:\OSPanel\domains\modx.lesson\core\model\modx\rest\modrestcurlclient.class.php : 26) modRestClient::__construct is deprecated since version 2.3.0. Use the modRest classes instead.
[2019-07-29 12:34:20] (ERROR in xPDO::getService @ D:\OSPanel\domains\modx.lesson\core\xpdo\xpdo.class.php : 1234) modRestClient::__construct is deprecated since version 2.3.0. Use the modRest classes instead.
[2019-07-29 12:34:20] (ERROR in modRestCurlClient::__construct @ D:\OSPanel\domains\modx.lesson\core\model\modx\rest\modrestcurlclient.class.php : 26) modRestClient::__construct is deprecated since version 2.3.0. Use the modRest classes instead.
[2019-07-29 12:34:34] (ERROR in xPDO::getService @ D:\OSPanel\domains\modx.lesson\core\xpdo\xpdo.class.php : 1234) modRestClient::__construct is deprecated since version 2.3.0. Use the modRest classes instead.
[2019-07-29 12:34:34] (ERROR in modRestCurlClient::__construct @ D:\OSPanel\domains\modx.lesson\core\model\modx\rest\modrestcurlclient.class.php : 26) modRestClient::__construct is deprecated since version 2.3.0. Use the modRest classes instead.
[2019-07-29 12:34:45] (ERROR in xPDO::getService @ D:\OSPanel\domains\modx.lesson\core\xpdo\xpdo.class.php : 1234) modRestClient::__construct is deprecated since version 2.3.0. Use the modRest classes instead.
[2019-07-29 12:34:45] (ERROR in modRestCurlClient::__construct @ D:\OSPanel\domains\modx.lesson\core\model\modx\rest\modrestcurlclient.class.php : 26) modRestClient::__construct is deprecated since version 2.3.0. Use the modRest classes instead.
[2019-07-29 12:34:54] (ERROR in xPDO::getService @ D:\OSPanel\domains\modx.lesson\core\xpdo\xpdo.class.php : 1234) modRestClient::__construct is deprecated since version 2.3.0. Use the modRest classes instead.
[2019-07-29 12:34:54] (ERROR in modRestCurlClient::__construct @ D:\OSPanel\domains\modx.lesson\core\model\modx\rest\modrestcurlclient.class.php : 26) modRestClient::__construct is deprecated since version 2.3.0. Use the modRest classes instead.
[2019-07-29 12:35:06] (ERROR in xPDO::getService @ D:\OSPanel\domains\modx.lesson\core\xpdo\xpdo.class.php : 1234) modRestClient::__construct is deprecated since version 2.3.0. Use the modRest classes instead.
[2019-07-29 12:35:06] (ERROR in modRestCurlClient::__construct @ D:\OSPanel\domains\modx.lesson\core\model\modx\rest\modrestcurlclient.class.php : 26) modRestClient::__construct is deprecated since version 2.3.0. Use the modRest classes instead.
[2019-07-29 12:35:15] (ERROR in xPDO::getService @ D:\OSPanel\domains\modx.lesson\core\xpdo\xpdo.class.php : 1234) modRestClient::__construct is deprecated since version 2.3.0. Use the modRest classes instead.
[2019-07-29 12:35:15] (ERROR in modRestCurlClient::__construct @ D:\OSPanel\domains\modx.lesson\core\model\modx\rest\modrestcurlclient.class.php : 26) modRestClient::__construct is deprecated since version 2.3.0. Use the modRest classes instead.
[2019-07-29 12:35:31] (ERROR in xPDO::getService @ D:\OSPanel\domains\modx.lesson\core\xpdo\xpdo.class.php : 1234) modRestClient::__construct is deprecated since version 2.3.0. Use the modRest classes instead.
[2019-07-29 12:35:31] (ERROR in modRestCurlClient::__construct @ D:\OSPanel\domains\modx.lesson\core\model\modx\rest\modrestcurlclient.class.php : 26) modRestClient::__construct is deprecated since version 2.3.0. Use the modRest classes instead.
[2019-07-29 12:35:33] (ERROR in xPDO::getService @ D:\OSPanel\domains\modx.lesson\core\xpdo\xpdo.class.php : 1234) modRestClient::__construct is deprecated since version 2.3.0. Use the modRest classes instead.
[2019-07-29 12:35:33] (ERROR in modRestCurlClient::__construct @ D:\OSPanel\domains\modx.lesson\core\model\modx\rest\modrestcurlclient.class.php : 26) modRestClient::__construct is deprecated since version 2.3.0. Use the modRest classes instead.
[2019-07-29 12:35:44] (ERROR in xPDO::getService @ D:\OSPanel\domains\modx.lesson\core\xpdo\xpdo.class.php : 1234) modRestClient::__construct is deprecated since version 2.3.0. Use the modRest classes instead.
[2019-07-29 12:35:44] (ERROR in modRestCurlClient::__construct @ D:\OSPanel\domains\modx.lesson\core\model\modx\rest\modrestcurlclient.class.php : 26) modRestClient::__construct is deprecated since version 2.3.0. Use the modRest classes instead.
[2019-07-29 12:35:44] (ERROR in xPDO::getService @ D:\OSPanel\domains\modx.lesson\core\xpdo\xpdo.class.php : 1234) modRestClient::__construct is deprecated since version 2.3.0. Use the modRest classes instead.
[2019-07-29 12:35:44] (ERROR in modRestCurlClient::__construct @ D:\OSPanel\domains\modx.lesson\core\model\modx\rest\modrestcurlclient.class.php : 26) modRestClient::__construct is deprecated since version 2.3.0. Use the modRest classes instead.
[2019-07-29 12:35:55] (ERROR in xPDO::getService @ D:\OSPanel\domains\modx.lesson\core\xpdo\xpdo.class.php : 1234) modRestClient::__construct is deprecated since version 2.3.0. Use the modRest classes instead.
[2019-07-29 12:35:55] (ERROR in modRestCurlClient::__construct @ D:\OSPanel\domains\modx.lesson\core\model\modx\rest\modrestcurlclient.class.php : 26) modRestClient::__construct is deprecated since version 2.3.0. Use the modRest classes instead.
[2019-07-29 12:36:02] (ERROR in modMenu::getSubMenus @ D:\OSPanel\domains\modx.lesson\core\model\modx\modmenu.class.php : 145) modAction support is deprecated since version 2.3.0. Support for modAction has been replaced with routing based on a namespace and action name. Please update the extra with the namespace collections to the routing based system.
[2019-07-29 12:36:21] (ERROR in xPDO::getService @ D:\OSPanel\domains\modx.lesson\core\xpdo\xpdo.class.php : 1234) modRestClient::__construct is deprecated since version 2.3.0. Use the modRest classes instead.
[2019-07-29 12:36:21] (ERROR in modRestCurlClient::__construct @ D:\OSPanel\domains\modx.lesson\core\model\modx\rest\modrestcurlclient.class.php : 26) modRestClient::__construct is deprecated since version 2.3.0. Use the modRest classes instead.
[2019-07-29 12:36:21] (ERROR in xPDO::getService @ D:\OSPanel\domains\modx.lesson\core\xpdo\xpdo.class.php : 1234) modRestClient::__construct is deprecated since version 2.3.0. Use the modRest classes instead.
[2019-07-29 12:36:21] (ERROR in modRestCurlClient::__construct @ D:\OSPanel\domains\modx.lesson\core\model\modx\rest\modrestcurlclient.class.php : 26) modRestClient::__construct is deprecated since version 2.3.0. Use the modRest classes instead.
[2019-07-29 12:43:36] (ERROR in modMenu::getSubMenus @ D:\OSPanel\domains\modx.lesson\core\model\modx\modmenu.class.php : 145) modAction support is deprecated since version 2.3.0. Support for modAction has been replaced with routing based on a namespace and action name. Please update the extra with the namespace collections to the routing based system.
[2019-07-29 13:01:32] (ERROR in modMenu::getSubMenus @ D:\OSPanel\domains\modx.lesson\core\model\modx\modmenu.class.php : 145) modAction support is deprecated since version 2.3.0. Support for modAction has been replaced with routing based on a namespace and action name. Please update the extra with the namespace collections to the routing based system.
[2019-07-29 13:11:14] (ERROR in modMenu::getSubMenus @ D:\OSPanel\domains\modx.lesson\core\model\modx\modmenu.class.php : 145) modAction support is deprecated since version 2.3.0. Support for modAction has been replaced with routing based on a namespace and action name. Please update the extra with the namespace collections to the routing based system.
[2019-07-29 13:27:16] (ERROR in modMenu::getSubMenus @ D:\OSPanel\domains\modx.lesson\core\model\modx\modmenu.class.php : 145) modAction support is deprecated since version 2.3.0. Support for modAction has been replaced with routing based on a namespace and action name. Please update the extra with the namespace collections to the routing based system.
[2019-07-29 13:27:51] (ERROR @ D:\OSPanel\domains\modx.lesson\core\xpdo\xpdo.class.php : 948) xPDO->removeObject - Error deleting registry.db.modDbRegisterMessage instance using query DELETE FROM `modx_register_messages` WHERE  ( `modx_register_messages`.`topic` = 1 AND `modx_register_messages`.`id` = 'a87ff679a2f3e71d9181a67b7542122c' )  
[2019-07-29 13:27:56] (ERROR @ D:\OSPanel\domains\modx.lesson\core\model\modx\modcachemanager.class.php : 349) Error caching lexicon topic lexicon/ru/core/namespace
[2019-07-29 14:46:44] (ERROR @ D:\OSPanel\domains\modx.lesson\core\model\modx\modcachemanager.class.php : 349) Error caching lexicon topic lexicon/ru/core/default
[2019-07-29 14:46:46] (ERROR in modMenu::getSubMenus @ D:\OSPanel\domains\modx.lesson\core\model\modx\modmenu.class.php : 145) modAction support is deprecated since version 2.3.0. Support for modAction has been replaced with routing based on a namespace and action name. Please update the extra with the namespace collections to the routing based system.
[2019-07-29 14:48:20] (ERROR @ D:\OSPanel\domains\modx.lesson\core\model\modx\modcachemanager.class.php : 349) Error caching lexicon topic lexicon/ru/core/default
[2019-07-29 14:48:29] (ERROR in modMenu::getSubMenus @ D:\OSPanel\domains\modx.lesson\core\model\modx\modmenu.class.php : 145) modAction support is deprecated since version 2.3.0. Support for modAction has been replaced with routing based on a namespace and action name. Please update the extra with the namespace collections to the routing based system.
[2019-07-29 14:56:43] (ERROR in modMenu::getSubMenus @ D:\OSPanel\domains\modx.lesson\core\model\modx\modmenu.class.php : 145) modAction support is deprecated since version 2.3.0. Support for modAction has been replaced with routing based on a namespace and action name. Please update the extra with the namespace collections to the routing based system.
[2019-07-29 15:01:47] (ERROR @ D:\OSPanel\domains\modx.lesson\core\model\modx\modcachemanager.class.php : 349) Error caching lexicon topic lexicon/ru/core/default
[2019-07-29 15:05:44] (ERROR in modMenu::getSubMenus @ D:\OSPanel\domains\modx.lesson\core\model\modx\modmenu.class.php : 145) modAction support is deprecated since version 2.3.0. Support for modAction has been replaced with routing based on a namespace and action name. Please update the extra with the namespace collections to the routing based system.
[2019-07-29 15:06:12] (ERROR in modMenu::getSubMenus @ D:\OSPanel\domains\modx.lesson\core\model\modx\modmenu.class.php : 145) modAction support is deprecated since version 2.3.0. Support for modAction has been replaced with routing based on a namespace and action name. Please update the extra with the namespace collections to the routing based system.
[2019-07-29 15:07:32] (ERROR @ D:\OSPanel\domains\modx.lesson\core\model\modx\modcachemanager.class.php : 349) Error caching lexicon topic lexicon/ru/core/default
[2019-07-29 15:07:43] (ERROR in modMenu::getSubMenus @ D:\OSPanel\domains\modx.lesson\core\model\modx\modmenu.class.php : 145) modAction support is deprecated since version 2.3.0. Support for modAction has been replaced with routing based on a namespace and action name. Please update the extra with the namespace collections to the routing based system.
[2019-07-29 15:10:52] (ERROR @ D:\OSPanel\domains\modx.lesson\core\model\modx\modcachemanager.class.php : 349) Error caching lexicon topic lexicon/ru/core/default
[2019-07-29 15:30:24] (ERROR in modMenu::getSubMenus @ D:\OSPanel\domains\modx.lesson\core\model\modx\modmenu.class.php : 145) modAction support is deprecated since version 2.3.0. Support for modAction has been replaced with routing based on a namespace and action name. Please update the extra with the namespace collections to the routing based system.
[2019-07-29 15:31:32] (ERROR @ D:\OSPanel\domains\modx.lesson\core\model\modx\modcachemanager.class.php : 349) Error caching lexicon topic lexicon/en/core/default
[2019-07-29 15:31:32] (ERROR @ D:\OSPanel\domains\modx.lesson\core\model\modx\modcachemanager.class.php : 349) Error caching lexicon topic lexicon/ru/core/default
[2019-07-29 15:41:22] (ERROR in modMenu::getSubMenus @ D:\OSPanel\domains\modx.lesson\core\model\modx\modmenu.class.php : 145) modAction support is deprecated since version 2.3.0. Support for modAction has been replaced with routing based on a namespace and action name. Please update the extra with the namespace collections to the routing based system.
[2019-07-29 15:41:45] (ERROR @ D:\OSPanel\domains\modx.lesson\core\model\modx\modcachemanager.class.php : 349) Error caching lexicon topic lexicon/ru/core/default
[2019-07-29 15:41:49] (ERROR in modMenu::getSubMenus @ D:\OSPanel\domains\modx.lesson\core\model\modx\modmenu.class.php : 145) modAction support is deprecated since version 2.3.0. Support for modAction has been replaced with routing based on a namespace and action name. Please update the extra with the namespace collections to the routing based system.
[2019-07-29 15:41:50] (ERROR @ D:\OSPanel\domains\modx.lesson\core\model\modx\modcachemanager.class.php : 349) Error caching lexicon topic lexicon/ru/core/resource
[2019-07-29 15:42:22] (ERROR @ D:\OSPanel\domains\modx.lesson\core\model\modx\modcachemanager.class.php : 349) Error caching lexicon topic lexicon/ru/core/default
[2019-07-29 15:42:24] (ERROR in modMenu::getSubMenus @ D:\OSPanel\domains\modx.lesson\core\model\modx\modmenu.class.php : 145) modAction support is deprecated since version 2.3.0. Support for modAction has been replaced with routing based on a namespace and action name. Please update the extra with the namespace collections to the routing based system.
[2019-07-29 15:48:11] (ERROR in modMenu::getSubMenus @ D:\OSPanel\domains\modx.lesson\core\model\modx\modmenu.class.php : 145) modAction support is deprecated since version 2.3.0. Support for modAction has been replaced with routing based on a namespace and action name. Please update the extra with the namespace collections to the routing based system.
[2019-07-29 15:53:47] (ERROR @ D:\OSPanel\domains\modx.lesson\core\model\modx\modcachemanager.class.php : 349) Error caching lexicon topic lexicon/ru/core/default
[2019-07-29 16:02:52] (ERROR in modMenu::getSubMenus @ D:\OSPanel\domains\modx.lesson\core\model\modx\modmenu.class.php : 145) modAction support is deprecated since version 2.3.0. Support for modAction has been replaced with routing based on a namespace and action name. Please update the extra with the namespace collections to the routing based system.
[2019-07-29 16:03:19] (ERROR @ D:\OSPanel\domains\modx.lesson\core\model\modx\modcachemanager.class.php : 349) Error caching lexicon topic lexicon/en/core/default
[2019-07-29 16:03:19] (ERROR @ D:\OSPanel\domains\modx.lesson\core\model\modx\modcachemanager.class.php : 349) Error caching lexicon topic lexicon/ru/core/default
[2019-07-29 16:05:19] (ERROR in modMenu::getSubMenus @ D:\OSPanel\domains\modx.lesson\core\model\modx\modmenu.class.php : 145) modAction support is deprecated since version 2.3.0. Support for modAction has been replaced with routing based on a namespace and action name. Please update the extra with the namespace collections to the routing based system.
[2019-07-29 16:06:00] (ERROR @ D:\OSPanel\domains\modx.lesson\core\model\modx\modcachemanager.class.php : 514) Error caching script elements/modplugin/4
[2019-07-29 16:06:00] (ERROR @ D:\OSPanel\domains\modx.lesson\core\model\modx\modcachemanager.class.php : 349) Error caching lexicon topic lexicon/ru/core/default
[2019-07-29 16:10:53] (ERROR in modMenu::getSubMenus @ D:\OSPanel\domains\modx.lesson\core\model\modx\modmenu.class.php : 145) modAction support is deprecated since version 2.3.0. Support for modAction has been replaced with routing based on a namespace and action name. Please update the extra with the namespace collections to the routing based system.
[2019-07-29 16:10:53] (ERROR @ D:\OSPanel\domains\modx.lesson\core\model\modx\modcachemanager.class.php : 349) Error caching lexicon topic lexicon/ru/core/resource
[2019-07-29 16:28:42] (ERROR in modMenu::getSubMenus @ D:\OSPanel\domains\modx.lesson\core\model\modx\modmenu.class.php : 145) modAction support is deprecated since version 2.3.0. Support for modAction has been replaced with routing based on a namespace and action name. Please update the extra with the namespace collections to the routing based system.
[2019-07-29 16:31:33] (ERROR @ D:\OSPanel\domains\modx.lesson\core\model\modx\modcachemanager.class.php : 349) Error caching lexicon topic lexicon/en/core/default
[2019-07-29 16:31:33] (ERROR @ D:\OSPanel\domains\modx.lesson\core\model\modx\modcachemanager.class.php : 349) Error caching lexicon topic lexicon/ru/core/default
[2019-07-29 16:32:27] (ERROR @ D:\OSPanel\domains\modx.lesson\core\model\modx\modcachemanager.class.php : 349) Error caching lexicon topic lexicon/en/core/default
[2019-07-29 16:33:06] (ERROR in modMenu::getSubMenus @ D:\OSPanel\domains\modx.lesson\core\model\modx\modmenu.class.php : 145) modAction support is deprecated since version 2.3.0. Support for modAction has been replaced with routing based on a namespace and action name. Please update the extra with the namespace collections to the routing based system.
[2019-07-29 16:34:34] (ERROR @ D:\OSPanel\domains\modx.lesson\core\model\modx\modcachemanager.class.php : 349) Error caching lexicon topic lexicon/en/core/default
[2019-07-29 16:35:24] (ERROR in modMenu::getSubMenus @ D:\OSPanel\domains\modx.lesson\core\model\modx\modmenu.class.php : 145) modAction support is deprecated since version 2.3.0. Support for modAction has been replaced with routing based on a namespace and action name. Please update the extra with the namespace collections to the routing based system.
[2019-07-29 16:38:51] (ERROR in modMenu::getSubMenus @ D:\OSPanel\domains\modx.lesson\core\model\modx\modmenu.class.php : 145) modAction support is deprecated since version 2.3.0. Support for modAction has been replaced with routing based on a namespace and action name. Please update the extra with the namespace collections to the routing based system.
[2019-07-29 16:39:36] (ERROR in modMenu::getSubMenus @ D:\OSPanel\domains\modx.lesson\core\model\modx\modmenu.class.php : 145) modAction support is deprecated since version 2.3.0. Support for modAction has been replaced with routing based on a namespace and action name. Please update the extra with the namespace collections to the routing based system.
[2019-07-29 16:39:50] (ERROR in modMenu::getSubMenus @ D:\OSPanel\domains\modx.lesson\core\model\modx\modmenu.class.php : 145) modAction support is deprecated since version 2.3.0. Support for modAction has been replaced with routing based on a namespace and action name. Please update the extra with the namespace collections to the routing based system.
[2019-07-29 16:40:03] (ERROR @ D:\OSPanel\domains\modx.lesson\core\model\modx\modcachemanager.class.php : 349) Error caching lexicon topic lexicon/ru/core/default
[2019-07-29 16:40:05] (ERROR in modMenu::getSubMenus @ D:\OSPanel\domains\modx.lesson\core\model\modx\modmenu.class.php : 145) modAction support is deprecated since version 2.3.0. Support for modAction has been replaced with routing based on a namespace and action name. Please update the extra with the namespace collections to the routing based system.
[2019-07-29 16:40:21] (ERROR @ D:\OSPanel\domains\modx.lesson\core\model\modx\modcachemanager.class.php : 349) Error caching lexicon topic lexicon/en/core/default
[2019-07-29 16:40:44] (ERROR in modMenu::getSubMenus @ D:\OSPanel\domains\modx.lesson\core\model\modx\modmenu.class.php : 145) modAction support is deprecated since version 2.3.0. Support for modAction has been replaced with routing based on a namespace and action name. Please update the extra with the namespace collections to the routing based system.
[2019-07-29 16:41:10] (ERROR in modMenu::getSubMenus @ D:\OSPanel\domains\modx.lesson\core\model\modx\modmenu.class.php : 145) modAction support is deprecated since version 2.3.0. Support for modAction has been replaced with routing based on a namespace and action name. Please update the extra with the namespace collections to the routing based system.
[2019-07-29 16:41:17] (ERROR in modMenu::getSubMenus @ D:\OSPanel\domains\modx.lesson\core\model\modx\modmenu.class.php : 145) modAction support is deprecated since version 2.3.0. Support for modAction has been replaced with routing based on a namespace and action name. Please update the extra with the namespace collections to the routing based system.
[2019-07-29 16:41:24] (ERROR @ D:\OSPanel\domains\modx.lesson\core\model\modx\modcachemanager.class.php : 349) Error caching lexicon topic lexicon/ru/core/default
[2019-07-29 16:41:25] (ERROR in modMenu::getSubMenus @ D:\OSPanel\domains\modx.lesson\core\model\modx\modmenu.class.php : 145) modAction support is deprecated since version 2.3.0. Support for modAction has been replaced with routing based on a namespace and action name. Please update the extra with the namespace collections to the routing based system.
[2019-07-29 16:41:31] (ERROR in modMenu::getSubMenus @ D:\OSPanel\domains\modx.lesson\core\model\modx\modmenu.class.php : 145) modAction support is deprecated since version 2.3.0. Support for modAction has been replaced with routing based on a namespace and action name. Please update the extra with the namespace collections to the routing based system.
[2019-07-29 16:42:09] (ERROR @ D:\OSPanel\domains\modx.lesson\core\model\modx\modcachemanager.class.php : 349) Error caching lexicon topic lexicon/ru/core/default
[2019-07-29 16:42:11] (ERROR in modMenu::getSubMenus @ D:\OSPanel\domains\modx.lesson\core\model\modx\modmenu.class.php : 145) modAction support is deprecated since version 2.3.0. Support for modAction has been replaced with routing based on a namespace and action name. Please update the extra with the namespace collections to the routing based system.
[2019-07-29 16:42:53] (ERROR @ D:\OSPanel\domains\modx.lesson\core\model\modx\modcachemanager.class.php : 349) Error caching lexicon topic lexicon/ru/core/default
[2019-07-29 16:46:15] (ERROR in modMenu::getSubMenus @ D:\OSPanel\domains\modx.lesson\core\model\modx\modmenu.class.php : 145) modAction support is deprecated since version 2.3.0. Support for modAction has been replaced with routing based on a namespace and action name. Please update the extra with the namespace collections to the routing based system.
[2019-07-29 16:48:13] (ERROR in modMenu::getSubMenus @ D:\OSPanel\domains\modx.lesson\core\model\modx\modmenu.class.php : 145) modAction support is deprecated since version 2.3.0. Support for modAction has been replaced with routing based on a namespace and action name. Please update the extra with the namespace collections to the routing based system.
[2019-07-30 10:20:22] (ERROR @ D:\OSPanel\domains\modx.lesson\core\model\modx\modcachemanager.class.php : 349) Error caching lexicon topic lexicon/ru/core/default
[2019-07-30 10:23:07] (ERROR @ D:\OSPanel\domains\modx.lesson\core\model\modx\modcachemanager.class.php : 349) Error caching lexicon topic lexicon/ru/core/default
[2019-07-30 10:24:08] (ERROR @ D:\OSPanel\domains\modx.lesson\core\model\modx\modcachemanager.class.php : 349) Error caching lexicon topic lexicon/ru/core/default
[2019-07-30 10:30:28] (ERROR in modMenu::getSubMenus @ D:\OSPanel\domains\modx.lesson\core\model\modx\modmenu.class.php : 145) modAction support is deprecated since version 2.3.0. Support for modAction has been replaced with routing based on a namespace and action name. Please update the extra with the namespace collections to the routing based system.
[2019-07-30 10:36:44] (ERROR in modMenu::getSubMenus @ D:\OSPanel\domains\modx.lesson\core\model\modx\modmenu.class.php : 145) modAction support is deprecated since version 2.3.0. Support for modAction has been replaced with routing based on a namespace and action name. Please update the extra with the namespace collections to the routing based system.
[2019-07-30 10:42:41] (ERROR @ D:\OSPanel\domains\modx.lesson\core\model\modx\modcachemanager.class.php : 349) Error caching lexicon topic lexicon/en/core/default
[2019-07-30 10:42:41] (ERROR @ D:\OSPanel\domains\modx.lesson\core\model\modx\modcachemanager.class.php : 349) Error caching lexicon topic lexicon/ru/core/default
[2019-07-30 10:44:12] (ERROR @ D:\OSPanel\domains\modx.lesson\core\model\modx\modcachemanager.class.php : 349) Error caching lexicon topic lexicon/en/core/default
[2019-07-30 10:47:38] (ERROR @ D:\OSPanel\domains\modx.lesson\core\model\modx\modcachemanager.class.php : 399) Error caching action map mgr/actions
[2019-07-30 10:52:56] (ERROR in modMenu::getSubMenus @ D:\OSPanel\domains\modx.lesson\core\model\modx\modmenu.class.php : 145) modAction support is deprecated since version 2.3.0. Support for modAction has been replaced with routing based on a namespace and action name. Please update the extra with the namespace collections to the routing based system.
[2019-07-30 10:54:07] (ERROR @ D:\OSPanel\domains\modx.lesson\core\model\modx\modcachemanager.class.php : 349) Error caching lexicon topic lexicon/en/core/default
[2019-07-30 10:54:07] (ERROR @ D:\OSPanel\domains\modx.lesson\core\model\modx\modcachemanager.class.php : 349) Error caching lexicon topic lexicon/ru/core/default
[2019-07-30 10:54:22] (ERROR @ D:\OSPanel\domains\modx.lesson\core\model\modx\modcachemanager.class.php : 349) Error caching lexicon topic lexicon/ru/core/default
[2019-07-30 10:54:22] (ERROR @ D:\OSPanel\domains\modx.lesson\core\model\modx\modcachemanager.class.php : 399) Error caching action map mgr/actions
[2019-07-30 11:00:20] (ERROR in modMenu::getSubMenus @ D:\OSPanel\domains\modx.lesson\core\model\modx\modmenu.class.php : 145) modAction support is deprecated since version 2.3.0. Support for modAction has been replaced with routing based on a namespace and action name. Please update the extra with the namespace collections to the routing based system.
[2019-07-30 11:01:50] (ERROR @ D:\OSPanel\domains\modx.lesson\core\model\modx\modcachemanager.class.php : 349) Error caching lexicon topic lexicon/ru/core/default
[2019-07-30 11:02:24] (ERROR in modMenu::getSubMenus @ D:\OSPanel\domains\modx.lesson\core\model\modx\modmenu.class.php : 145) modAction support is deprecated since version 2.3.0. Support for modAction has been replaced with routing based on a namespace and action name. Please update the extra with the namespace collections to the routing based system.
[2019-07-30 11:03:18] (ERROR @ D:\OSPanel\domains\modx.lesson\core\model\modx\modcachemanager.class.php : 349) Error caching lexicon topic lexicon/ru/core/default
[2019-07-30 11:03:48] (ERROR in modMenu::getSubMenus @ D:\OSPanel\domains\modx.lesson\core\model\modx\modmenu.class.php : 145) modAction support is deprecated since version 2.3.0. Support for modAction has been replaced with routing based on a namespace and action name. Please update the extra with the namespace collections to the routing based system.
[2019-07-30 11:06:58] (ERROR @ D:\OSPanel\domains\modx.lesson\core\model\modx\modcachemanager.class.php : 349) Error caching lexicon topic lexicon/en/core/default
[2019-07-30 11:06:58] (ERROR @ D:\OSPanel\domains\modx.lesson\core\model\modx\modcachemanager.class.php : 349) Error caching lexicon topic lexicon/ru/core/default
[2019-07-30 11:07:21] (ERROR in modMenu::getSubMenus @ D:\OSPanel\domains\modx.lesson\core\model\modx\modmenu.class.php : 145) modAction support is deprecated since version 2.3.0. Support for modAction has been replaced with routing based on a namespace and action name. Please update the extra with the namespace collections to the routing based system.
[2019-07-30 11:07:47] (ERROR in modMenu::getSubMenus @ D:\OSPanel\domains\modx.lesson\core\model\modx\modmenu.class.php : 145) modAction support is deprecated since version 2.3.0. Support for modAction has been replaced with routing based on a namespace and action name. Please update the extra with the namespace collections to the routing based system.
[2019-07-30 11:09:02] (ERROR @ D:\OSPanel\domains\modx.lesson\core\model\modx\modcachemanager.class.php : 349) Error caching lexicon topic lexicon/en/core/default
[2019-07-30 11:10:45] (ERROR @ D:\OSPanel\domains\modx.lesson\core\model\modx\modcachemanager.class.php : 349) Error caching lexicon topic lexicon/ru/core/default
[2019-07-30 11:11:21] (ERROR @ D:\OSPanel\domains\modx.lesson\core\model\modx\modcachemanager.class.php : 349) Error caching lexicon topic lexicon/ru/core/default
[2019-07-30 11:11:53] (ERROR in modMenu::getSubMenus @ D:\OSPanel\domains\modx.lesson\core\model\modx\modmenu.class.php : 145) modAction support is deprecated since version 2.3.0. Support for modAction has been replaced with routing based on a namespace and action name. Please update the extra with the namespace collections to the routing based system.
[2019-07-30 11:26:19] (ERROR in modMenu::getSubMenus @ D:\OSPanel\domains\modx.lesson\core\model\modx\modmenu.class.php : 145) modAction support is deprecated since version 2.3.0. Support for modAction has been replaced with routing based on a namespace and action name. Please update the extra with the namespace collections to the routing based system.
[2019-07-30 11:27:47] (ERROR @ D:\OSPanel\domains\modx.lesson\core\model\modx\modcachemanager.class.php : 349) Error caching lexicon topic lexicon/ru/core/default
[2019-07-30 11:27:57] (ERROR @ D:\OSPanel\domains\modx.lesson\core\model\modx\modcachemanager.class.php : 349) Error caching lexicon topic lexicon/ru/core/default
[2019-07-30 11:28:42] (ERROR @ D:\OSPanel\domains\modx.lesson\core\model\modx\modcachemanager.class.php : 349) Error caching lexicon topic lexicon/en/core/default
[2019-07-30 11:28:42] (ERROR @ D:\OSPanel\domains\modx.lesson\core\model\modx\modcachemanager.class.php : 349) Error caching lexicon topic lexicon/ru/core/default
[2019-07-30 11:29:11] (ERROR in modMenu::getSubMenus @ D:\OSPanel\domains\modx.lesson\core\model\modx\modmenu.class.php : 145) modAction support is deprecated since version 2.3.0. Support for modAction has been replaced with routing based on a namespace and action name. Please update the extra with the namespace collections to the routing based system.
[2019-07-30 11:29:40] (ERROR @ D:\OSPanel\domains\modx.lesson\core\model\modx\modcachemanager.class.php : 349) Error caching lexicon topic lexicon/ru/core/default
[2019-07-30 11:29:44] (ERROR in modMenu::getSubMenus @ D:\OSPanel\domains\modx.lesson\core\model\modx\modmenu.class.php : 145) modAction support is deprecated since version 2.3.0. Support for modAction has been replaced with routing based on a namespace and action name. Please update the extra with the namespace collections to the routing based system.
[2019-07-30 11:29:53] (ERROR @ D:\OSPanel\domains\modx.lesson\core\model\modx\modcachemanager.class.php : 349) Error caching lexicon topic lexicon/ru/core/default
[2019-07-30 11:29:55] (ERROR in modMenu::getSubMenus @ D:\OSPanel\domains\modx.lesson\core\model\modx\modmenu.class.php : 145) modAction support is deprecated since version 2.3.0. Support for modAction has been replaced with routing based on a namespace and action name. Please update the extra with the namespace collections to the routing based system.
[2019-07-30 11:30:34] (ERROR @ D:\OSPanel\domains\modx.lesson\core\model\modx\modcachemanager.class.php : 349) Error caching lexicon topic lexicon/ru/core/default
[2019-07-30 11:30:40] (ERROR in modMenu::getSubMenus @ D:\OSPanel\domains\modx.lesson\core\model\modx\modmenu.class.php : 145) modAction support is deprecated since version 2.3.0. Support for modAction has been replaced with routing based on a namespace and action name. Please update the extra with the namespace collections to the routing based system.
[2019-07-30 11:31:33] (ERROR @ D:\OSPanel\domains\modx.lesson\core\model\modx\modcachemanager.class.php : 349) Error caching lexicon topic lexicon/ru/core/default
[2019-07-30 11:32:11] (ERROR in modMenu::getSubMenus @ D:\OSPanel\domains\modx.lesson\core\model\modx\modmenu.class.php : 145) modAction support is deprecated since version 2.3.0. Support for modAction has been replaced with routing based on a namespace and action name. Please update the extra with the namespace collections to the routing based system.
[2019-07-30 11:32:39] (ERROR in modMenu::getSubMenus @ D:\OSPanel\domains\modx.lesson\core\model\modx\modmenu.class.php : 145) modAction support is deprecated since version 2.3.0. Support for modAction has been replaced with routing based on a namespace and action name. Please update the extra with the namespace collections to the routing based system.
[2019-07-30 12:08:44] (ERROR in modMenu::getSubMenus @ D:\OSPanel\domains\modx.lesson\core\model\modx\modmenu.class.php : 145) modAction support is deprecated since version 2.3.0. Support for modAction has been replaced with routing based on a namespace and action name. Please update the extra with the namespace collections to the routing based system.
[2019-07-30 12:25:20] (ERROR in modMenu::getSubMenus @ D:\OSPanel\domains\modx.lesson\core\model\modx\modmenu.class.php : 145) modAction support is deprecated since version 2.3.0. Support for modAction has been replaced with routing based on a namespace and action name. Please update the extra with the namespace collections to the routing based system.
[2019-07-30 12:26:17] (ERROR @ D:\OSPanel\domains\modx.lesson\core\model\modx\modcachemanager.class.php : 349) Error caching lexicon topic lexicon/ru/core/default
[2019-07-30 12:26:58] (ERROR in modMenu::getSubMenus @ D:\OSPanel\domains\modx.lesson\core\model\modx\modmenu.class.php : 145) modAction support is deprecated since version 2.3.0. Support for modAction has been replaced with routing based on a namespace and action name. Please update the extra with the namespace collections to the routing based system.
[2019-07-30 12:34:33] (ERROR @ D:\OSPanel\domains\modx.lesson\core\model\modx\modcachemanager.class.php : 349) Error caching lexicon topic lexicon/ru/core/default
[2019-07-30 12:34:36] (ERROR @ D:\OSPanel\domains\modx.lesson\core\model\modx\modcachemanager.class.php : 349) Error caching lexicon topic lexicon/ru/core/default
[2019-07-30 12:34:39] (ERROR in modMenu::getSubMenus @ D:\OSPanel\domains\modx.lesson\core\model\modx\modmenu.class.php : 145) modAction support is deprecated since version 2.3.0. Support for modAction has been replaced with routing based on a namespace and action name. Please update the extra with the namespace collections to the routing based system.
[2019-07-30 13:07:04] (ERROR @ D:\OSPanel\domains\modx.lesson\core\model\modx\modcachemanager.class.php : 349) Error caching lexicon topic lexicon/ru/core/default
[2019-07-30 13:13:46] (ERROR @ D:\OSPanel\domains\modx.lesson\core\model\modx\modcachemanager.class.php : 349) Error caching lexicon topic lexicon/en/core/default
[2019-07-30 13:13:46] (ERROR @ D:\OSPanel\domains\modx.lesson\core\model\modx\modcachemanager.class.php : 399) Error caching action map mgr/actions
[2019-07-30 13:14:15] (ERROR @ D:\OSPanel\domains\modx.lesson\core\model\modx\modcachemanager.class.php : 349) Error caching lexicon topic lexicon/ru/core/default
[2019-07-30 13:14:30] (ERROR @ D:\OSPanel\domains\modx.lesson\core\model\modx\modcachemanager.class.php : 349) Error caching lexicon topic lexicon/ru/core/default
[2019-07-30 13:14:36] (ERROR in modMenu::getSubMenus @ D:\OSPanel\domains\modx.lesson\core\model\modx\modmenu.class.php : 145) modAction support is deprecated since version 2.3.0. Support for modAction has been replaced with routing based on a namespace and action name. Please update the extra with the namespace collections to the routing based system.
[2019-07-30 13:16:08] (ERROR @ D:\OSPanel\domains\modx.lesson\core\model\modx\modcachemanager.class.php : 349) Error caching lexicon topic lexicon/ru/core/default
[2019-07-30 13:17:20] (ERROR @ D:\OSPanel\domains\modx.lesson\core\model\modx\modcachemanager.class.php : 349) Error caching lexicon topic lexicon/ru/core/default
[2019-07-30 13:18:32] (ERROR in modMenu::getSubMenus @ D:\OSPanel\domains\modx.lesson\core\model\modx\modmenu.class.php : 145) modAction support is deprecated since version 2.3.0. Support for modAction has been replaced with routing based on a namespace and action name. Please update the extra with the namespace collections to the routing based system.
[2019-07-30 13:27:38] (ERROR @ D:\OSPanel\domains\modx.lesson\core\xpdo\xpdo.class.php : 644) Could not load class: modC from mysql.modc.
[2019-07-30 13:27:38] (ERROR @ D:\OSPanel\domains\modx.lesson\core\xpdo\xpdo.class.php : 1655) Could not load class modC!
[2019-07-30 13:27:38] (ERROR @ D:\OSPanel\domains\modx.lesson\core\xpdo\xpdo.class.php : 644) Could not load class: modC from mysql.modc.
[2019-07-30 13:27:38] (ERROR @ D:\OSPanel\domains\modx.lesson\core\xpdo\xpdo.class.php : 762) modC::load() is not a valid static method.
[2019-07-30 13:27:38] (ERROR @ D:\OSPanel\domains\modx.lesson\core\xpdo\xpdo.class.php : 644) Could not load class: modC from mysql.modc.
[2019-07-30 13:27:38] (ERROR @ D:\OSPanel\domains\modx.lesson\core\xpdo\xpdo.class.php : 1655) Could not load class modC!
[2019-07-30 13:27:38] (ERROR @ D:\OSPanel\domains\modx.lesson\core\xpdo\xpdo.class.php : 644) Could not load class: modC from mysql.modc.
[2019-07-30 13:27:38] (ERROR @ D:\OSPanel\domains\modx.lesson\core\xpdo\xpdo.class.php : 762) modC::load() is not a valid static method.
[2019-07-30 13:27:38] (ERROR @ D:\OSPanel\domains\modx.lesson\core\xpdo\xpdo.class.php : 644) Could not load class: modC from mysql.modc.
[2019-07-30 13:27:38] (ERROR @ D:\OSPanel\domains\modx.lesson\core\xpdo\xpdo.class.php : 1655) Could not load class modC!
[2019-07-30 13:27:38] (ERROR @ D:\OSPanel\domains\modx.lesson\core\xpdo\xpdo.class.php : 644) Could not load class: modC from mysql.modc.
[2019-07-30 13:27:38] (ERROR @ D:\OSPanel\domains\modx.lesson\core\xpdo\xpdo.class.php : 762) modC::load() is not a valid static method.
[2019-07-30 13:27:38] (ERROR @ D:\OSPanel\domains\modx.lesson\core\xpdo\xpdo.class.php : 644) Could not load class: modC from mysql.modc.
[2019-07-30 13:27:38] (ERROR @ D:\OSPanel\domains\modx.lesson\core\xpdo\xpdo.class.php : 1655) Could not load class modC!
[2019-07-30 13:27:38] (ERROR @ D:\OSPanel\domains\modx.lesson\core\xpdo\xpdo.class.php : 644) Could not load class: modC from mysql.modc.
[2019-07-30 13:27:38] (ERROR @ D:\OSPanel\domains\modx.lesson\core\xpdo\xpdo.class.php : 762) modC::load() is not a valid static method.
[2019-07-30 13:27:41] (ERROR @ D:\OSPanel\domains\modx.lesson\core\xpdo\xpdo.class.php : 644) Could not load class: modC from mysql.modc.
[2019-07-30 13:27:41] (ERROR @ D:\OSPanel\domains\modx.lesson\core\xpdo\xpdo.class.php : 1655) Could not load class modC!
[2019-07-30 13:27:41] (ERROR @ D:\OSPanel\domains\modx.lesson\core\xpdo\xpdo.class.php : 644) Could not load class: modC from mysql.modc.
[2019-07-30 13:27:41] (ERROR @ D:\OSPanel\domains\modx.lesson\core\xpdo\xpdo.class.php : 762) modC::load() is not a valid static method.
[2019-07-30 13:27:41] (ERROR @ D:\OSPanel\domains\modx.lesson\core\xpdo\xpdo.class.php : 644) Could not load class: modC from mysql.modc.
[2019-07-30 13:27:41] (ERROR @ D:\OSPanel\domains\modx.lesson\core\xpdo\xpdo.class.php : 1655) Could not load class modC!
[2019-07-30 13:27:41] (ERROR @ D:\OSPanel\domains\modx.lesson\core\xpdo\xpdo.class.php : 644) Could not load class: modC from mysql.modc.
[2019-07-30 13:27:41] (ERROR @ D:\OSPanel\domains\modx.lesson\core\xpdo\xpdo.class.php : 762) modC::load() is not a valid static method.
[2019-07-30 13:27:41] (ERROR @ D:\OSPanel\domains\modx.lesson\core\xpdo\xpdo.class.php : 644) Could not load class: modC from mysql.modc.
[2019-07-30 13:27:41] (ERROR @ D:\OSPanel\domains\modx.lesson\core\xpdo\xpdo.class.php : 1655) Could not load class modC!
[2019-07-30 13:27:41] (ERROR @ D:\OSPanel\domains\modx.lesson\core\xpdo\xpdo.class.php : 644) Could not load class: modC from mysql.modc.
[2019-07-30 13:27:41] (ERROR @ D:\OSPanel\domains\modx.lesson\core\xpdo\xpdo.class.php : 762) modC::load() is not a valid static method.
[2019-07-30 13:27:41] (ERROR @ D:\OSPanel\domains\modx.lesson\core\xpdo\xpdo.class.php : 644) Could not load class: modC from mysql.modc.
[2019-07-30 13:27:41] (ERROR @ D:\OSPanel\domains\modx.lesson\core\xpdo\xpdo.class.php : 1655) Could not load class modC!
[2019-07-30 13:27:41] (ERROR @ D:\OSPanel\domains\modx.lesson\core\xpdo\xpdo.class.php : 644) Could not load class: modC from mysql.modc.
[2019-07-30 13:27:41] (ERROR @ D:\OSPanel\domains\modx.lesson\core\xpdo\xpdo.class.php : 762) modC::load() is not a valid static method.
[2019-07-30 13:27:45] (ERROR @ D:\OSPanel\domains\modx.lesson\core\xpdo\xpdo.class.php : 644) Could not load class: modC from mysql.modc.
[2019-07-30 13:27:45] (ERROR @ D:\OSPanel\domains\modx.lesson\core\xpdo\xpdo.class.php : 1655) Could not load class modC!
[2019-07-30 13:27:45] (ERROR @ D:\OSPanel\domains\modx.lesson\core\xpdo\xpdo.class.php : 644) Could not load class: modC from mysql.modc.
[2019-07-30 13:27:45] (ERROR @ D:\OSPanel\domains\modx.lesson\core\xpdo\xpdo.class.php : 762) modC::load() is not a valid static method.
[2019-07-30 13:27:45] (ERROR @ D:\OSPanel\domains\modx.lesson\core\xpdo\xpdo.class.php : 644) Could not load class: modC from mysql.modc.
[2019-07-30 13:27:45] (ERROR @ D:\OSPanel\domains\modx.lesson\core\xpdo\xpdo.class.php : 1655) Could not load class modC!
[2019-07-30 13:27:45] (ERROR @ D:\OSPanel\domains\modx.lesson\core\xpdo\xpdo.class.php : 644) Could not load class: modC from mysql.modc.
[2019-07-30 13:27:45] (ERROR @ D:\OSPanel\domains\modx.lesson\core\xpdo\xpdo.class.php : 762) modC::load() is not a valid static method.
[2019-07-30 13:27:45] (ERROR @ D:\OSPanel\domains\modx.lesson\core\xpdo\xpdo.class.php : 644) Could not load class: modC from mysql.modc.
[2019-07-30 13:27:45] (ERROR @ D:\OSPanel\domains\modx.lesson\core\xpdo\xpdo.class.php : 1655) Could not load class modC!
[2019-07-30 13:27:45] (ERROR @ D:\OSPanel\domains\modx.lesson\core\xpdo\xpdo.class.php : 644) Could not load class: modC from mysql.modc.
[2019-07-30 13:27:45] (ERROR @ D:\OSPanel\domains\modx.lesson\core\xpdo\xpdo.class.php : 762) modC::load() is not a valid static method.
[2019-07-30 13:27:45] (ERROR @ D:\OSPanel\domains\modx.lesson\core\xpdo\xpdo.class.php : 644) Could not load class: modC from mysql.modc.
[2019-07-30 13:27:45] (ERROR @ D:\OSPanel\domains\modx.lesson\core\xpdo\xpdo.class.php : 1655) Could not load class modC!
[2019-07-30 13:27:45] (ERROR @ D:\OSPanel\domains\modx.lesson\core\xpdo\xpdo.class.php : 644) Could not load class: modC from mysql.modc.
[2019-07-30 13:27:45] (ERROR @ D:\OSPanel\domains\modx.lesson\core\xpdo\xpdo.class.php : 762) modC::load() is not a valid static method.
[2019-07-30 13:27:52] (ERROR in modMenu::getSubMenus @ D:\OSPanel\domains\modx.lesson\core\model\modx\modmenu.class.php : 145) modAction support is deprecated since version 2.3.0. Support for modAction has been replaced with routing based on a namespace and action name. Please update the extra with the namespace collections to the routing based system.
[2019-07-30 13:31:54] (ERROR @ D:\OSPanel\domains\modx.lesson\core\model\modx\modcachemanager.class.php : 349) Error caching lexicon topic lexicon/ru/core/default
[2019-07-30 13:31:58] (ERROR in modMenu::getSubMenus @ D:\OSPanel\domains\modx.lesson\core\model\modx\modmenu.class.php : 145) modAction support is deprecated since version 2.3.0. Support for modAction has been replaced with routing based on a namespace and action name. Please update the extra with the namespace collections to the routing based system.
[2019-07-30 13:35:51] (ERROR in modMenu::getSubMenus @ D:\OSPanel\domains\modx.lesson\core\model\modx\modmenu.class.php : 145) modAction support is deprecated since version 2.3.0. Support for modAction has been replaced with routing based on a namespace and action name. Please update the extra with the namespace collections to the routing based system.
[2019-07-30 13:39:04] (ERROR @ D:\OSPanel\domains\modx.lesson\core\model\modx\modcachemanager.class.php : 349) Error caching lexicon topic lexicon/ru/core/default
[2019-07-30 13:42:49] (ERROR @ D:\OSPanel\domains\modx.lesson\core\model\modx\modcachemanager.class.php : 349) Error caching lexicon topic lexicon/ru/core/default
[2019-07-30 13:43:18] (ERROR @ D:\OSPanel\domains\modx.lesson\core\model\modx\modcachemanager.class.php : 349) Error caching lexicon topic lexicon/en/core/default
[2019-07-30 13:44:04] (ERROR @ D:\OSPanel\domains\modx.lesson\core\model\modx\modcachemanager.class.php : 349) Error caching lexicon topic lexicon/ru/core/default
[2019-07-30 13:47:23] (ERROR @ D:\OSPanel\domains\modx.lesson\core\model\modx\modcachemanager.class.php : 349) Error caching lexicon topic lexicon/ru/core/default
[2019-07-30 13:47:26] (ERROR @ D:\OSPanel\domains\modx.lesson\core\model\modx\modcachemanager.class.php : 349) Error caching lexicon topic lexicon/en/core/default
[2019-07-30 13:47:31] (ERROR @ D:\OSPanel\domains\modx.lesson\core\model\modx\modcachemanager.class.php : 349) Error caching lexicon topic lexicon/ru/core/default
[2019-07-30 13:47:36] (ERROR in modMenu::getSubMenus @ D:\OSPanel\domains\modx.lesson\core\model\modx\modmenu.class.php : 145) modAction support is deprecated since version 2.3.0. Support for modAction has been replaced with routing based on a namespace and action name. Please update the extra with the namespace collections to the routing based system.
[2019-07-30 13:48:14] (ERROR in modMenu::getSubMenus @ D:\OSPanel\domains\modx.lesson\core\model\modx\modmenu.class.php : 145) modAction support is deprecated since version 2.3.0. Support for modAction has been replaced with routing based on a namespace and action name. Please update the extra with the namespace collections to the routing based system.
[2019-07-30 13:48:37] (ERROR @ D:\OSPanel\domains\modx.lesson\core\model\modx\modcachemanager.class.php : 349) Error caching lexicon topic lexicon/en/core/default
[2019-07-30 16:08:31] (ERROR in modMenu::getSubMenus @ D:\OSPanel\domains\modx.lesson\core\model\modx\modmenu.class.php : 145) modAction support is deprecated since version 2.3.0. Support for modAction has been replaced with routing based on a namespace and action name. Please update the extra with the namespace collections to the routing based system.
[2019-07-30 16:09:16] (ERROR in modMenu::getSubMenus @ D:\OSPanel\domains\modx.lesson\core\model\modx\modmenu.class.php : 145) modAction support is deprecated since version 2.3.0. Support for modAction has been replaced with routing based on a namespace and action name. Please update the extra with the namespace collections to the routing based system.
[2019-07-30 16:09:16] (ERROR @ D:\OSPanel\domains\modx.lesson\core\model\modx\modcachemanager.class.php : 349) Error caching lexicon topic lexicon/en/core/source
[2019-07-30 16:09:16] (ERROR @ D:\OSPanel\domains\modx.lesson\core\model\modx\modcachemanager.class.php : 349) Error caching lexicon topic lexicon/en/core/source
[2019-07-30 16:09:16] (ERROR @ D:\OSPanel\domains\modx.lesson\core\model\modx\modcachemanager.class.php : 349) Error caching lexicon topic lexicon/ru/core/source
[2019-07-30 16:09:17] (ERROR @ D:\OSPanel\domains\modx.lesson\core\model\modx\modcachemanager.class.php : 349) Error caching lexicon topic lexicon/ru/core/source
[2019-07-30 16:09:17] (ERROR @ D:\OSPanel\domains\modx.lesson\core\model\modx\modcachemanager.class.php : 349) Error caching lexicon topic lexicon/ru/core/source
[2019-07-30 16:09:43] (ERROR in modMenu::getSubMenus @ D:\OSPanel\domains\modx.lesson\core\model\modx\modmenu.class.php : 145) modAction support is deprecated since version 2.3.0. Support for modAction has been replaced with routing based on a namespace and action name. Please update the extra with the namespace collections to the routing based system.
[2019-07-30 16:11:50] (ERROR in modMenu::getSubMenus @ D:\OSPanel\domains\modx.lesson\core\model\modx\modmenu.class.php : 145) modAction support is deprecated since version 2.3.0. Support for modAction has been replaced with routing based on a namespace and action name. Please update the extra with the namespace collections to the routing based system.
[2019-07-30 16:13:00] (ERROR in modMenu::getSubMenus @ D:\OSPanel\domains\modx.lesson\core\model\modx\modmenu.class.php : 145) modAction support is deprecated since version 2.3.0. Support for modAction has been replaced with routing based on a namespace and action name. Please update the extra with the namespace collections to the routing based system.
[2019-07-30 16:13:35] (ERROR @ D:\OSPanel\domains\modx.lesson\core\model\modx\modcachemanager.class.php : 349) Error caching lexicon topic lexicon/ru/core/default
[2019-07-30 16:13:46] (ERROR @ D:\OSPanel\domains\modx.lesson\core\model\modx\modcachemanager.class.php : 349) Error caching lexicon topic lexicon/ru/core/default
[2019-07-30 16:20:33] (ERROR in modMenu::getSubMenus @ D:\OSPanel\domains\modx.lesson\core\model\modx\modmenu.class.php : 145) modAction support is deprecated since version 2.3.0. Support for modAction has been replaced with routing based on a namespace and action name. Please update the extra with the namespace collections to the routing based system.
[2019-07-30 16:21:51] (ERROR in modMenu::getSubMenus @ D:\OSPanel\domains\modx.lesson\core\model\modx\modmenu.class.php : 145) modAction support is deprecated since version 2.3.0. Support for modAction has been replaced with routing based on a namespace and action name. Please update the extra with the namespace collections to the routing based system.
[2019-07-30 16:23:29] (ERROR in modMenu::getSubMenus @ D:\OSPanel\domains\modx.lesson\core\model\modx\modmenu.class.php : 145) modAction support is deprecated since version 2.3.0. Support for modAction has been replaced with routing based on a namespace and action name. Please update the extra with the namespace collections to the routing based system.
[2019-07-30 16:23:48] (ERROR in modMenu::getSubMenus @ D:\OSPanel\domains\modx.lesson\core\model\modx\modmenu.class.php : 145) modAction support is deprecated since version 2.3.0. Support for modAction has been replaced with routing based on a namespace and action name. Please update the extra with the namespace collections to the routing based system.
[2019-07-30 16:25:06] (ERROR @ D:\OSPanel\domains\modx.lesson\core\model\modx\modcachemanager.class.php : 349) Error caching lexicon topic lexicon/ru/core/default
[2019-07-30 16:26:34] (ERROR in modMenu::getSubMenus @ D:\OSPanel\domains\modx.lesson\core\model\modx\modmenu.class.php : 145) modAction support is deprecated since version 2.3.0. Support for modAction has been replaced with routing based on a namespace and action name. Please update the extra with the namespace collections to the routing based system.
[2019-07-30 16:27:26] (ERROR @ D:\OSPanel\domains\modx.lesson\core\model\modx\modcachemanager.class.php : 349) Error caching lexicon topic lexicon/ru/core/default
[2019-07-30 16:27:53] (ERROR @ D:\OSPanel\domains\modx.lesson\core\model\modx\modcachemanager.class.php : 349) Error caching lexicon topic lexicon/ru/core/default
[2019-07-30 16:34:39] (ERROR in modMenu::getSubMenus @ D:\OSPanel\domains\modx.lesson\core\model\modx\modmenu.class.php : 145) modAction support is deprecated since version 2.3.0. Support for modAction has been replaced with routing based on a namespace and action name. Please update the extra with the namespace collections to the routing based system.
[2019-07-30 16:35:12] (ERROR in modMenu::getSubMenus @ D:\OSPanel\domains\modx.lesson\core\model\modx\modmenu.class.php : 145) modAction support is deprecated since version 2.3.0. Support for modAction has been replaced with routing based on a namespace and action name. Please update the extra with the namespace collections to the routing based system.
[2019-07-30 16:39:06] (ERROR in modMenu::getSubMenus @ D:\OSPanel\domains\modx.lesson\core\model\modx\modmenu.class.php : 145) modAction support is deprecated since version 2.3.0. Support for modAction has been replaced with routing based on a namespace and action name. Please update the extra with the namespace collections to the routing based system.
[2019-07-30 16:41:34] (ERROR @ D:\OSPanel\domains\modx.lesson\core\model\modx\modcachemanager.class.php : 349) Error caching lexicon topic lexicon/ru/core/default
[2019-07-30 16:41:41] (ERROR in modMenu::getSubMenus @ D:\OSPanel\domains\modx.lesson\core\model\modx\modmenu.class.php : 145) modAction support is deprecated since version 2.3.0. Support for modAction has been replaced with routing based on a namespace and action name. Please update the extra with the namespace collections to the routing based system.
[2019-07-30 16:46:28] (ERROR in modMenu::getSubMenus @ D:\OSPanel\domains\modx.lesson\core\model\modx\modmenu.class.php : 145) modAction support is deprecated since version 2.3.0. Support for modAction has been replaced with routing based on a namespace and action name. Please update the extra with the namespace collections to the routing based system.
[2019-07-30 16:53:11] (ERROR in modMenu::getSubMenus @ D:\OSPanel\domains\modx.lesson\core\model\modx\modmenu.class.php : 145) modAction support is deprecated since version 2.3.0. Support for modAction has been replaced with routing based on a namespace and action name. Please update the extra with the namespace collections to the routing based system.
[2019-07-30 16:53:11] (ERROR @ D:\OSPanel\domains\modx.lesson\core\model\modx\modcachemanager.class.php : 349) Error caching lexicon topic lexicon/ru/core/resource
[2019-07-30 16:57:14] (ERROR in modMenu::getSubMenus @ D:\OSPanel\domains\modx.lesson\core\model\modx\modmenu.class.php : 145) modAction support is deprecated since version 2.3.0. Support for modAction has been replaced with routing based on a namespace and action name. Please update the extra with the namespace collections to the routing based system.
[2019-07-30 17:04:52] (ERROR @ D:\OSPanel\domains\modx.lesson\core\model\modx\modcachemanager.class.php : 349) Error caching lexicon topic lexicon/en/core/default
[2019-07-30 17:07:01] (ERROR @ D:\OSPanel\domains\modx.lesson\core\model\modx\modcachemanager.class.php : 399) Error caching action map mgr/actions
[2019-07-30 17:12:24] (ERROR in modMenu::getSubMenus @ D:\OSPanel\domains\modx.lesson\core\model\modx\modmenu.class.php : 145) modAction support is deprecated since version 2.3.0. Support for modAction has been replaced with routing based on a namespace and action name. Please update the extra with the namespace collections to the routing based system.
[2019-07-30 17:34:16] (ERROR in modMenu::getSubMenus @ D:\OSPanel\domains\modx.lesson\core\model\modx\modmenu.class.php : 145) modAction support is deprecated since version 2.3.0. Support for modAction has been replaced with routing based on a namespace and action name. Please update the extra with the namespace collections to the routing based system.
[2019-07-30 17:35:14] (ERROR in modMenu::getSubMenus @ D:\OSPanel\domains\modx.lesson\core\model\modx\modmenu.class.php : 145) modAction support is deprecated since version 2.3.0. Support for modAction has been replaced with routing based on a namespace and action name. Please update the extra with the namespace collections to the routing based system.
[2019-07-30 17:40:12] (ERROR in modMenu::getSubMenus @ D:\OSPanel\domains\modx.lesson\core\model\modx\modmenu.class.php : 145) modAction support is deprecated since version 2.3.0. Support for modAction has been replaced with routing based on a namespace and action name. Please update the extra with the namespace collections to the routing based system.
